/*C1*/SET SCHEMA PUBLIC
CONNECT USER SA
/*C2*/SET SCHEMA PUBLIC
CONNECT USER SA
DISCONNECT
/*C3*/SET SCHEMA PUBLIC
CONNECT USER SA
/*C1*/DISCONNECT
/*C4*/SET SCHEMA PUBLIC
CONNECT USER SA
/*C3*/DISCONNECT
/*C5*/SET SCHEMA PUBLIC
CONNECT USER SA
DISCONNECT
/*C6*/SET SCHEMA PUBLIC
CONNECT USER SA
/*C4*/DISCONNECT
/*C7*/SET SCHEMA PUBLIC
CONNECT USER SA
/*C6*/DISCONNECT
/*C8*/SET SCHEMA PUBLIC
CONNECT USER SA
DISCONNECT
/*C9*/SET SCHEMA PUBLIC
CONNECT USER SA
/*C7*/DISCONNECT
/*C10*/SET SCHEMA PUBLIC
CONNECT USER SA
INSERT INTO CUSTOMER VALUES(2,0,12345)
DISCONNECT
/*C11*/SET SCHEMA PUBLIC
CONNECT USER SA
/*C9*/DISCONNECT
/*C12*/SET SCHEMA PUBLIC
CONNECT USER SA
DISCONNECT
/*C13*/SET SCHEMA PUBLIC
CONNECT USER SA
/*C11*/DISCONNECT
/*C14*/SET SCHEMA PUBLIC
CONNECT USER SA
/*C13*/DISCONNECT
/*C15*/SET SCHEMA PUBLIC
CONNECT USER SA
DISCONNECT
/*C16*/SET SCHEMA PUBLIC
CONNECT USER SA
/*C14*/DISCONNECT
/*C17*/SET SCHEMA PUBLIC
CONNECT USER SA
INSERT INTO CUSTOMER_DETAILS VALUES(2,0,'sezgin',12345,'kucuk')
DISCONNECT
/*C18*/SET SCHEMA PUBLIC
CONNECT USER SA
DISCONNECT
/*C19*/SET SCHEMA PUBLIC
CONNECT USER SA
/*C16*/DISCONNECT
/*C20*/SET SCHEMA PUBLIC
CONNECT USER SA
DISCONNECT
/*C21*/SET SCHEMA PUBLIC
CONNECT USER SA
/*C19*/DISCONNECT
